11:33:11: Creating resource group General
11:33:11: Creating resource group Internal
11:33:11: Creating resource group Autodetect
11:33:11: Registering ResourceManager for type Mesh
11:33:11: Registering ResourceManager for type Material
11:33:11: Registering ResourceManager for type Skeleton
11:33:11: XMLMeshSerializer reading mesh data from E:/Users/hasel/Documents/Rigs of Rods 0.4/terrains/RigsOfRods-terrain-editor/Hubble.mesh.xml...
11:33:11: Reading geometry...
11:33:11: Geometry done...
11:33:11: Reading submeshes...
11:33:11: Submeshes done.
11:33:11: Reading mesh names...
11:33:11: Mesh names done.
11:33:11: XMLMeshSerializer import successful.
11:33:11: Reorganising vertex buffers to automatic layout...
11:33:11: MeshSerializer writing mesh data to stream ...
11:33:11: File header written.
11:33:11: Writing mesh data...
11:33:11: Writing submesh...
11:33:11: Exporting submesh texture aliases...
11:33:11: Submesh texture aliases exported.
11:33:11: Submesh exported.
11:33:11: Writing submesh...
11:33:11: Exporting submesh texture aliases...
11:33:11: Submesh texture aliases exported.
11:33:11: Submesh exported.
11:33:11: Exporting bounds information....
11:33:11: Bounds information exported.
11:33:11: Exporting submesh name table...
11:33:11: Submesh name table exported.
11:33:11: Exporting edge lists...
11:33:11: Edge lists exported
11:33:11: Mesh data exported.
11:33:11: MeshSerializer export successful.
11:33:11: Unregistering ResourceManager for type Skeleton
11:33:11: Unregistering ResourceManager for type Material
11:33:11: Unregistering ResourceManager for type Mesh
