20:09:37: Creating resource group General
20:09:37: Creating resource group Internal
20:09:37: Creating resource group Autodetect
20:09:37: Registering ResourceManager for type Mesh
20:09:37: Registering ResourceManager for type Material
20:09:37: Registering ResourceManager for type Skeleton
20:09:37: XMLMeshSerializer reading mesh data from C:\OgreCommandLineTools\businessman_Low-Poly.001.mesh.xml...
20:09:37: Reading geometry...
20:09:37: Geometry done...
20:09:37: Reading submeshes...
20:09:38: Submeshes done.
20:09:38: Reading mesh names...
20:09:38: Mesh names done.
20:09:38: XMLMeshSerializer import successful.
20:09:38: Reorganising vertex buffers to automatic layout..
20:09:38: MeshSerializer writing mesh data to C:\OgreCommandLineTools\businessman_Low-Poly.001.mesh...
20:09:38: File header written.
20:09:38: Writing mesh data...
20:09:38: Writing submesh...
20:09:38: Exporting submesh texture aliases...
20:09:38: Submesh texture aliases exported.
20:09:38: Submesh exported.
20:09:38: Exporting bounds information....
20:09:38: Bounds information exported.
20:09:38: Exporting submesh name table...
20:09:38: Submesh name table exported.
20:09:38: Exporting edge lists...
20:09:38: Edge lists exported
20:09:38: Mesh data exported.
20:09:38: MeshSerializer export successful.
20:09:38: Unregistering ResourceManager for type Skeleton
20:09:38: Unregistering ResourceManager for type Material
20:09:38: Unregistering ResourceManager for type Mesh
